2021-05-23 12:10:39,111 INFO  [LogUtilities] Serach car test completed 
2021-05-23 12:10:41,338 INFO  [LogUtilities] Login user test completed 
2021-05-23 12:10:44,198 INFO  [LogUtilities] Car booking test completed 
2021-05-23 12:10:46,635 INFO  [LogUtilities] Calculate price test completed 
2021-05-23 12:10:49,126 INFO  [LogUtilities] List bookings test completed 
2021-05-23 12:12:30,840 INFO  [LogUtilities] Serach car test completed 
2021-05-23 12:12:33,313 INFO  [LogUtilities] Login user test completed 
2021-05-23 12:12:36,230 INFO  [LogUtilities] Car booking test completed 
2021-05-23 12:12:38,479 INFO  [LogUtilities] Calculate price test completed 
2021-05-23 12:12:41,244 INFO  [LogUtilities] List bookings test completed 
2021-05-23 12:14:50,450 INFO  [LogUtilities] Serach car test completed 
2021-05-23 12:14:53,033 INFO  [LogUtilities] Login user test completed 
2021-05-23 12:14:55,072 INFO  [LogUtilities] Car booking test completed 
2021-05-23 12:14:57,999 INFO  [LogUtilities] Calculate price test completed 
2021-05-23 12:15:00,664 INFO  [LogUtilities] List bookings test completed 
2021-05-23 12:19:10,098 INFO  [LogUtilities] Serach car test completed 
2021-05-23 12:19:12,649 INFO  [LogUtilities] Login user test completed 
2021-05-23 12:19:14,749 INFO  [LogUtilities] Car booking test completed 
2021-05-23 12:19:16,574 INFO  [LogUtilities] Calculate price test completed 
2021-05-23 12:19:18,789 INFO  [LogUtilities] List bookings test completed 
2021-05-23 12:21:54,458 INFO  [LogUtilities] Serach car test completed 
2021-05-23 12:21:56,217 INFO  [LogUtilities] Login user test completed 
2021-05-23 12:21:57,855 INFO  [LogUtilities] Car booking test completed 
2021-05-23 12:22:00,164 INFO  [LogUtilities] Calculate price test completed 
2021-05-23 12:22:02,896 INFO  [LogUtilities] List bookings test completed 
2021-05-23 18:07:23,364 INFO  [LogUtilities] Serach car test completed 
2021-05-23 18:07:25,385 INFO  [LogUtilities] Login user test completed 
2021-05-23 18:07:27,071 INFO  [LogUtilities] Car booking test completed 
2021-05-23 18:07:28,813 INFO  [LogUtilities] Calculate price test completed 
2021-05-23 18:07:30,971 INFO  [LogUtilities] List bookings test completed 
